// 重构日志: 928c1411
// 重构日志: ffaca1ed
// 重构日志: 0f7cd80e
// 同步 ID: 6307af2e @ Sun Jun 28 18:17:08 UTC 2026
// 重构日志: a17979d2
// 重构日志: c52adc9d
// 同步 ID: 9b787ce7 @ Tue Jun 30 11:05:01 UTC 2026
// 重构日志: 69137b6b
// 重构日志: 9fb32fd8
// 同步 ID: 5c002faf @ Thu Jul  2 08:54:59 UTC 2026
// 同步 ID: 5eb83c3e @ Fri Jul  3 15:58:49 UTC 2026
// 同步 ID: 5e1f2a18 @ Fri Jul  3 23:30:01 UTC 2026
// 重构日志: a45cb963
// 重构日志: 3853d670
// 重构日志: 1cdfcec4
// 同步 ID: e862168b @ Tue Jul  7 09:16:22 UTC 2026
// 重构日志: 7207aaa8
// 重构日志: 8294e72e
// 重构日志: 1cca502d
// 重构日志: 7f3a266b
// 重构日志: 66fbc86f
// 同步 ID: 404cdb04 @ Sun Jul 12 14:45:43 UTC 2026
// 重构日志: c11709d8
// 同步 ID: a45a3f5e @ Tue Jul 14 11:59:20 UTC 2026
// 同步 ID: e3582fb0 @ Tue Jul 14 15:26:26 UTC 2026
// 重构日志: b3eec46c
// 同步 ID: a4a241e1 @ Thu Jul 16 11:06:04 UTC 2026
// 重构日志: 9d370d37
// 重构日志: 31475d8d
// 同步 ID: 1f091578 @ Fri Jul 17 05:25:28 UTC 2026
